Flutter crash report.
Please report a bug at https://github.com/flutter/flutter/issues.

## command

flutter debug_adapter

## exception

FileSystemException: FileSystemException: writeFrom failed, path = '' (OS Error: Broken pipe, errno = 32)

```
#0      _checkForErrorResponse (dart:io/common.dart:55:9)
#1      _RandomAccessFile.writeFrom.<anonymous closure> (dart:io/file_impl.dart:885:7)
#2      _rootRunUnary (dart:async/zone.dart:1407:47)
#3      _CustomZone.runUnary (dart:async/zone.dart:1308:19)
<asynchronous suspension>
#4      _FileStreamConsumer.addStream.<anonymous closure>.<anonymous closure>.<anonymous closure> (dart:io/file_impl.dart:218:21)
<asynchronous suspension>
```

## flutter doctor

```
[!] Flutter (Channel stable, 3.22.2, on macOS 13.6.6 22G630 darwin-x64, locale en-GB)
    • Flutter version 3.22.2 on channel stable at /Users/oluyomibanjo/Documents/Flutter/flutter
    ! The flutter binary is not on your path. Consider adding /Users/oluyomibanjo/Documents/Flutter/flutter/bin to your path.
    ! The dart binary is not on your path. Consider adding /Users/oluyomibanjo/Documents/Flutter/flutter/bin to your path.
    • Upstream repository https://github.com/flutter/flutter.git
    • Framework revision 761747bfc5 (8 days ago), 2024-06-05 22:15:13 +0200
    • Engine revision edd8546116
    • Dart version 3.4.3
    • DevTools version 2.34.3
    • If those were intentional, you can disregard the above warnings; however it is recommended to use "git" directly to perform update checks and upgrades.

[✓] Android toolchain - develop for Android devices (Android SDK version 34.0.0)
    • Android SDK at /Users/oluyomibanjo/Library/Android/sdk
    • Platform android-34, build-tools 34.0.0
    • Java binary at: /Applications/Android Studio.app/Contents/jbr/Contents/Home/bin/java
    • Java version OpenJDK Runtime Environment (build 17.0.9+0-17.0.9b1087.7-11185874)
    • All Android licenses accepted.

[✓] Xcode - develop for iOS and macOS (Xcode 15.2)
    • Xcode at /Applications/Xcode.app/Contents/Developer
    • Build 15C500b
    • CocoaPods version 1.15.2

[✓] Chrome - develop for the web
    • Chrome at /Applications/Google Chrome.app/Contents/MacOS/Google Chrome

[✓] Android Studio (version 2023.2)
    • Android Studio at /Applications/Android Studio.app/Contents
    • Flutter plugin can be installed from:
      🔨 https://plugins.jetbrains.com/plugin/9212-flutter
    • Dart plugin can be installed from:
      🔨 https://plugins.jetbrains.com/plugin/6351-dart
    • Java version OpenJDK Runtime Environment (build 17.0.9+0-17.0.9b1087.7-11185874)

[✓] VS Code (version 1.90.0)
    • VS Code at /Applications/Visual Studio Code.app/Contents
    • Flutter extension version 3.90.0

[✓] Connected device (2 available)
    • macOS (desktop) • macos  • darwin-x64     • macOS 13.6.6 22G630 darwin-x64
    • Chrome (web)    • chrome • web-javascript • Google Chrome 125.0.6422.144

[✓] Network resources
    • All expected network resources are available.

! Doctor found issues in 1 category.
```
